Start testing: Nov 19 11:01 CST
----------------------------------------------------------
1/1 Testing: test_main
1/1 Test: test_main
Command: "/home/marty/Documents/MIOpen/build/bin/test_main"
Directory: /home/marty/Documents/MIOpen/build/test
"test_main" start time: Nov 19 11:01 CST
Output:
----------------------------------------------------------
<end of output>
Test time =   0.57 sec
----------------------------------------------------------
Test Passed.
"test_main" end time: Nov 19 11:01 CST
"test_main" time elapsed: 00:00:00
----------------------------------------------------------

End testing: Nov 19 11:01 CST
